<?xml version="1.0" encoding="UTF-8"?>
<!-- Generated by org.testng.reporters.JUnitReportReporter -->
<testsuite hostname="192-168-1-103.tpgi.com.au" failures="0" tests="2" name="com.ui.tests.LoginTest" time="1.594" errors="1" timestamp="2025-04-14T12:19:38 AEST" skipped="1">
  <testcase classname="com.ui.tests.LoginTest" name="setUp" time="1.594">
    <error message="java.lang.IllegalStateException: Expected BEGIN_OBJECT but was STRING at line 2 column 4 path $
See https://github.com/google/gson/blob/main/Troubleshooting.md#unexpected-json-structure" type="com.google.gson.JsonSyntaxException">
      <![CDATA[com.google.gson.JsonSyntaxException: java.lang.IllegalStateException: Expected BEGIN_OBJECT but was STRING at line 2 column 4 path $
See https://github.com/google/gson/blob/main/Troubleshooting.md#unexpected-json-structure
at com.google.gson.internal.bind.ReflectiveTypeAdapterFactory$Adapter.read(ReflectiveTypeAdapterFactory.java:520)
at com.google.gson.Gson.fromJson(Gson.java:1361)
at com.google.gson.Gson.fromJson(Gson.java:1262)
at com.google.gson.Gson.fromJson(Gson.java:1199)
at com.utility.JSONUtility.readJson(JSONUtility.java:26)
at com.ui.pages.HomePage.<init>(HomePage.java:19)
at com.ui.tests.TestBase.setUp(TestBase.java:20)
at java.base/jdk.internal.reflect.DirectMethodHandleAccessor.invoke(DirectMethodHandleAccessor.java:103)
at java.base/java.lang.reflect.Method.invoke(Method.java:580)
at org.testng.internal.invokers.MethodInvocationHelper.invokeMethod(MethodInvocationHelper.java:141)
at org.testng.internal.invokers.MethodInvocationHelper.invokeMethodConsideringTimeout(MethodInvocationHelper.java:71)
at org.testng.internal.invokers.ConfigInvoker.invokeConfigurationMethod(ConfigInvoker.java:400)
at org.testng.internal.invokers.ConfigInvoker.invokeConfigurations(ConfigInvoker.java:333)
at org.testng.internal.invokers.TestInvoker.runConfigMethods(TestInvoker.java:836)
at org.testng.internal.invokers.TestInvoker.invokeMethod(TestInvoker.java:601)
at org.testng.internal.invokers.TestInvoker.invokeTestMethod(TestInvoker.java:230)
at org.testng.internal.invokers.MethodRunner.runInSequence(MethodRunner.java:63)
at org.testng.internal.invokers.TestInvoker$MethodInvocationAgent.invoke(TestInvoker.java:995)
at org.testng.internal.invokers.TestInvoker.invokeTestMethods(TestInvoker.java:203)
at org.testng.internal.invokers.TestMethodWorker.invokeTestMethods(TestMethodWorker.java:154)
at org.testng.internal.invokers.TestMethodWorker.run(TestMethodWorker.java:134)
at java.base/java.util.ArrayList.forEach(ArrayList.java:1596)
at org.testng.TestRunner.privateRun(TestRunner.java:741)
at org.testng.TestRunner.run(TestRunner.java:616)
at org.testng.SuiteRunner.runTest(SuiteRunner.java:421)
at org.testng.SuiteRunner.runSequentially(SuiteRunner.java:413)
at org.testng.SuiteRunner.privateRun(SuiteRunner.java:373)
at org.testng.SuiteRunner.run(SuiteRunner.java:312)
at org.testng.SuiteRunnerWorker.runSuite(SuiteRunnerWorker.java:52)
at org.testng.SuiteRunnerWorker.run(SuiteRunnerWorker.java:95)
at org.testng.TestNG.runSuitesSequentially(TestNG.java:1274)
at org.testng.TestNG.runSuitesLocally(TestNG.java:1208)
at org.testng.TestNG.runSuites(TestNG.java:1112)
at org.testng.TestNG.run(TestNG.java:1079)
at org.testng.remote.AbstractRemoteTestNG.run(AbstractRemoteTestNG.java:115)
at org.testng.remote.RemoteTestNG.initAndRun(RemoteTestNG.java:293)
at org.testng.remote.RemoteTestNG.main(RemoteTestNG.java:91)
Caused by: java.lang.IllegalStateException: Expected BEGIN_OBJECT but was STRING at line 2 column 4 path $
See https://github.com/google/gson/blob/main/Troubleshooting.md#unexpected-json-structure
at com.google.gson.stream.JsonReader.unexpectedTokenError(JsonReader.java:1814)
at com.google.gson.stream.JsonReader.beginObject(JsonReader.java:509)
at com.google.gson.internal.bind.ReflectiveTypeAdapterFactory$Adapter.read(ReflectiveTypeAdapterFactory.java:509)
... 36 more
]]>
    </error>
  </testcase> <!-- setUp -->
  <testcase classname="com.ui.tests.LoginTest" name="loginCSVTest" time="0.000">
    <skipped/>
  </testcase> <!-- loginCSVTest -->
</testsuite> <!-- com.ui.tests.LoginTest -->
