<?xml version="1.0" encoding="UTF-8"?>
<!-- Generated by org.testng.reporters.JUnitReportReporter -->
<testsuite hostname="192-168-1-103.tpgi.com.au" failures="0" tests="1" name="com.ui.tests.LoginTest" time="27.709" errors="0" timestamp="2025-04-07T11:04:54 AEST" skipped="0">
  <testcase classname="com.ui.tests.LoginTest" name="loginTest" time="27.709"/>
</testsuite> <!-- com.ui.tests.LoginTest -->
